  my_assembler_20162449.c
C:\Users\tticj\Desktop\source\[105]프로젝트1_김상현_20162449\Project2\my_assembler_20162449.c(196,27): warning C4087: 'input_locctr_token_table': 'void' 매개 변수 목록을 사용하여 선언되었습니다.
C:\Users\tticj\Desktop\source\[105]프로젝트1_김상현_20162449\Project2\my_assembler_20162449.c(301,48): warning C4087: 'Search_LTORG': 'void' 매개 변수 목록을 사용하여 선언되었습니다.
C:\Users\tticj\Desktop\source\[105]프로젝트1_김상현_20162449\Project2\my_assembler_20162449.c(301,69): warning C4267: '+=': 'size_t'에서 'int'(으)로 변환하면서 데이터가 손실될 수 있습니다.
C:\Users\tticj\Desktop\source\[105]프로젝트1_김상현_20162449\Project2\my_assembler_20162449.c(306,60): warning C4267: '+=': 'size_t'에서 'int'(으)로 변환하면서 데이터가 손실될 수 있습니다.
C:\Users\tticj\Desktop\source\[105]프로젝트1_김상현_20162449\Project2\my_assembler_20162449.c(340,29): warning C4027: 정식 매개 변수 목록을 사용하지 않고 함수를 선언했습니다.
C:\Users\tticj\Desktop\source\[105]프로젝트1_김상현_20162449\Project2\my_assembler_20162449.c(458,29): warning C4013: 'check_literal_table'이(가) 정의되지 않았습니다. extern은 int형을 반환하는 것으로 간주합니다.
C:\Users\tticj\Desktop\source\[105]프로젝트1_김상현_20162449\Project2\my_assembler_20162449.c(478,60): warning C4267: '+=': 'size_t'에서 'int'(으)로 변환하면서 데이터가 손실될 수 있습니다.
C:\Users\tticj\Desktop\source\[105]프로젝트1_김상현_20162449\Project2\my_assembler_20162449.c(449,7): warning C4101: 'temp' :참조되지 않은 지역 변수입니다.
C:\Users\tticj\Desktop\source\[105]프로젝트1_김상현_20162449\Project2\my_assembler_20162449.c(617,8): warning C4102: 'here': 참조되지 않은 레이블입니다.
C:\Users\tticj\Desktop\source\[105]프로젝트1_김상현_20162449\Project2\my_assembler_20162449.c(528,6): warning C4101: 'j' :참조되지 않은 지역 변수입니다.
C:\Users\tticj\Desktop\source\[105]프로젝트1_김상현_20162449\Project2\my_assembler_20162449.c(534,6): warning C4101: 'temp_index' :참조되지 않은 지역 변수입니다.
C:\Users\tticj\Desktop\source\[105]프로젝트1_김상현_20162449\Project2\my_assembler_20162449.c(751,6): warning C4101: 'index' :참조되지 않은 지역 변수입니다.
C:\Users\tticj\Desktop\source\[105]프로젝트1_김상현_20162449\Project2\my_assembler_20162449.c(793,38): warning C4013: 'found_bigaddr'이(가) 정의되지 않았습니다. extern은 int형을 반환하는 것으로 간주합니다.
C:\Users\tticj\Desktop\source\[105]프로젝트1_김상현_20162449\Project2\my_assembler_20162449.c(801,53): warning C4047: '!=': 'int'의 간접 참조 수준이 'void *'과(와) 다릅니다.
C:\Users\tticj\Desktop\source\[105]프로젝트1_김상현_20162449\Project2\my_assembler_20162449.c(805,53): warning C4047: '!=': 'int'의 간접 참조 수준이 'void *'과(와) 다릅니다.
C:\Users\tticj\Desktop\source\[105]프로젝트1_김상현_20162449\Project2\my_assembler_20162449.c(819,52): warning C4047: '!=': 'int'의 간접 참조 수준이 'void *'과(와) 다릅니다.
C:\Users\tticj\Desktop\source\[105]프로젝트1_김상현_20162449\Project2\my_assembler_20162449.c(822,52): warning C4047: '!=': 'int'의 간접 참조 수준이 'void *'과(와) 다릅니다.
C:\Users\tticj\Desktop\source\[105]프로젝트1_김상현_20162449\Project2\my_assembler_20162449.c(859,19): warning C4477: 'fprintf' : 서식 문자열 '%.2x'에 'unsigned int' 형식의 인수가 필요하지만 variadic 인수 1의 형식이 'size_t'입니다.
C:\Users\tticj\Desktop\source\[105]프로젝트1_김상현_20162449\Project2\my_assembler_20162449.c(859,19): message : 서식 문자열에서 '%zx'을(를) 사용하는 것이 좋습니다.
C:\Users\tticj\Desktop\source\[105]프로젝트1_김상현_20162449\Project2\my_assembler_20162449.c(867,18): warning C4477: 'fprintf' : 서식 문자열 '%.2x'에 'unsigned int' 형식의 인수가 필요하지만 variadic 인수 1의 형식이 'size_t'입니다.
C:\Users\tticj\Desktop\source\[105]프로젝트1_김상현_20162449\Project2\my_assembler_20162449.c(867,18): message : 서식 문자열에서 '%zx'을(를) 사용하는 것이 좋습니다.
C:\Users\tticj\Desktop\source\[105]프로젝트1_김상현_20162449\Project2\my_assembler_20162449.c(345): warning C4715: 'Search_LTORG': 모든 제어 경로에서 값을 반환하지는 않습니다.
  Project2.vcxproj -> C:\Users\tticj\Desktop\source\[105]프로젝트1_김상현_20162449\x64\Debug\Project2.exe
